{"C:\\Users\\salma\\OneDrive\\Desktop\\Personal Portfolio Website\\src\\app.js": {"path":"C:\\Users\\salma\\OneDrive\\Desktop\\Personal Portfolio Website\\src\\app.js","statementMap":{"0":{"start":{"line":1,"column":16},"end":{"line":1,"column":34}},"1":{"start":{"line":2,"column":13},"end":{"line":2,"column":28}},"2":{"start":{"line":3,"column":15},"end":{"line":3,"column":32}},"3":{"start":{"line":4,"column":13},"end":{"line":4,"column":28}},"4":{"start":{"line":5,"column":0},"end":{"line":5,"column":27}},"5":{"start":{"line":7,"column":18},"end":{"line":7,"column":40}},"6":{"start":{"line":9,"column":18},"end":{"line":9,"column":44}},"7":{"start":{"line":11,"column":12},"end":{"line":11,"column":21}},"8":{"start":{"line":14,"column":0},"end":{"line":14,"column":16}},"9":{"start":{"line":15,"column":0},"end":{"line":15,"column":18}},"10":{"start":{"line":16,"column":0},"end":{"line":16,"column":24}},"11":{"start":{"line":17,"column":0},"end":{"line":17,"column":48}},"12":{"start":{"line":20,"column":0},"end":{"line":20,"column":62}},"13":{"start":{"line":23,"column":0},"end":{"line":23,"column":27}},"14":{"start":{"line":26,"column":0},"end":{"line":28,"column":3}},"15":{"start":{"line":27,"column":2},"end":{"line":27,"column":67}},"16":{"start":{"line":31,"column":0},"end":{"line":33,"column":1}},"17":{"start":{"line":32,"column":2},"end":{"line":32,"column":14}},"18":{"start":{"line":35,"column":0},"end":{"line":35,"column":21}}},"fnMap":{"0":{"name":"(anonymous_0)","decl":{"start":{"line":26,"column":8},"end":{"line":26,"column":9}},"loc":{"start":{"line":26,"column":22},"end":{"line":28,"column":1}},"line":26}},"branchMap":{"0":{"loc":{"start":{"line":31,"column":0},"end":{"line":33,"column":1}},"type":"if","locations":[{"start":{"line":31,"column":0},"end":{"line":33,"column":1}},{"start":{},"end":{}}],"line":31}},"s":{"0":2,"1":2,"2":2,"3":2,"4":2,"5":2,"6":2,"7":2,"8":2,"9":2,"10":2,"11":2,"12":2,"13":2,"14":2,"15":0,"16":2,"17":0,"18":2},"f":{"0":0},"b":{"0":[0,2]},"_coverageSchema":"1a1c01bbd47fc00a2c39e90264f33305004495a9","hash":"74d370b483c6d49bd246112051f5ca38f23e5acf"}
,"C:\\Users\\salma\\OneDrive\\Desktop\\Personal Portfolio Website\\src\\config\\config.js": {"path":"C:\\Users\\salma\\OneDrive\\Desktop\\Personal Portfolio Website\\src\\config\\config.js","statementMap":{"0":{"start":{"line":2,"column":0},"end":{"line":2,"column":27}},"1":{"start":{"line":4,"column":0},"end":{"line":14,"column":2}}},"fnMap":{},"branchMap":{"0":{"loc":{"start":{"line":5,"column":8},"end":{"line":5,"column":32}},"type":"binary-expr","locations":[{"start":{"line":5,"column":8},"end":{"line":5,"column":24}},{"start":{"line":5,"column":28},"end":{"line":5,"column":32}}],"line":5}},"s":{"0":2,"1":2},"f":{},"b":{"0":[2,0]},"_coverageSchema":"1a1c01bbd47fc00a2c39e90264f33305004495a9","hash":"1a0cbfa94b95417bc89e3839cd5d8a8b34980d3f"}
,"C:\\Users\\salma\\OneDrive\\Desktop\\Personal Portfolio Website\\src\\config\\db.js": {"path":"C:\\Users\\salma\\OneDrive\\Desktop\\Personal Portfolio Website\\src\\config\\db.js","statementMap":{"0":{"start":{"line":1,"column":17},"end":{"line":1,"column":36}},"1":{"start":{"line":2,"column":0},"end":{"line":2,"column":27}},"2":{"start":{"line":4,"column":18},"end":{"line":4,"column":23}},"3":{"start":{"line":6,"column":18},"end":{"line":19,"column":1}},"4":{"start":{"line":7,"column":2},"end":{"line":9,"column":3}},"5":{"start":{"line":8,"column":4},"end":{"line":8,"column":11}},"6":{"start":{"line":10,"column":2},"end":{"line":18,"column":3}},"7":{"start":{"line":11,"column":4},"end":{"line":11,"column":52}},"8":{"start":{"line":12,"column":4},"end":{"line":12,"column":23}},"9":{"start":{"line":13,"column":4},"end":{"line":13,"column":46}},"10":{"start":{"line":15,"column":4},"end":{"line":15,"column":64}},"11":{"start":{"line":21,"column":0},"end":{"line":21,"column":27}}},"fnMap":{"0":{"name":"(anonymous_0)","decl":{"start":{"line":6,"column":18},"end":{"line":6,"column":19}},"loc":{"start":{"line":6,"column":30},"end":{"line":19,"column":1}},"line":6}},"branchMap":{"0":{"loc":{"start":{"line":7,"column":2},"end":{"line":9,"column":3}},"type":"if","locations":[{"start":{"line":7,"column":2},"end":{"line":9,"column":3}},{"start":{},"end":{}}],"line":7}},"s":{"0":2,"1":2,"2":2,"3":2,"4":0,"5":0,"6":0,"7":0,"8":0,"9":0,"10":0,"11":2},"f":{"0":0},"b":{"0":[0,0]},"_coverageSchema":"1a1c01bbd47fc00a2c39e90264f33305004495a9","hash":"2e3a4ba6879cef71ada47a8642bda0a196dbe655"}
,"C:\\Users\\salma\\OneDrive\\Desktop\\Personal Portfolio Website\\src\\controllers\\contactController.js": {"path":"C:\\Users\\salma\\OneDrive\\Desktop\\Personal Portfolio Website\\src\\controllers\\contactController.js","statementMap":{"0":{"start":{"line":2,"column":35},"end":{"line":2,"column":63}},"1":{"start":{"line":3,"column":23},"end":{"line":3,"column":58}},"2":{"start":{"line":4,"column":29},"end":{"line":4,"column":64}},"3":{"start":{"line":7,"column":24},"end":{"line":11,"column":1}},"4":{"start":{"line":14,"column":22},"end":{"line":31,"column":1}},"5":{"start":{"line":15,"column":17},"end":{"line":15,"column":38}},"6":{"start":{"line":16,"column":2},"end":{"line":18,"column":3}},"7":{"start":{"line":17,"column":4},"end":{"line":17,"column":60}},"8":{"start":{"line":19,"column":44},"end":{"line":19,"column":52}},"9":{"start":{"line":20,"column":2},"end":{"line":30,"column":3}},"10":{"start":{"line":22,"column":18},"end":{"line":22,"column":71}},"11":{"start":{"line":23,"column":4},"end":{"line":23,"column":23}},"12":{"start":{"line":25,"column":4},"end":{"line":25,"column":62}},"13":{"start":{"line":26,"column":4},"end":{"line":26,"column":69}},"14":{"start":{"line":28,"column":4},"end":{"line":28,"column":23}},"15":{"start":{"line":29,"column":4},"end":{"line":29,"column":54}},"16":{"start":{"line":34,"column":21},"end":{"line":42,"column":1}},"17":{"start":{"line":35,"column":2},"end":{"line":41,"column":3}},"18":{"start":{"line":36,"column":21},"end":{"line":36,"column":72}},"19":{"start":{"line":37,"column":4},"end":{"line":37,"column":23}},"20":{"start":{"line":39,"column":4},"end":{"line":39,"column":23}},"21":{"start":{"line":40,"column":4},"end":{"line":40,"column":54}},"22":{"start":{"line":44,"column":0},"end":{"line":48,"column":2}}},"fnMap":{"0":{"name":"(anonymous_0)","decl":{"start":{"line":14,"column":22},"end":{"line":14,"column":23}},"loc":{"start":{"line":14,"column":42},"end":{"line":31,"column":1}},"line":14},"1":{"name":"(anonymous_1)","decl":{"start":{"line":34,"column":21},"end":{"line":34,"column":22}},"loc":{"start":{"line":34,"column":41},"end":{"line":42,"column":1}},"line":34}},"branchMap":{"0":{"loc":{"start":{"line":16,"column":2},"end":{"line":18,"column":3}},"type":"if","locations":[{"start":{"line":16,"column":2},"end":{"line":18,"column":3}},{"start":{},"end":{}}],"line":16}},"s":{"0":2,"1":2,"2":2,"3":2,"4":2,"5":0,"6":0,"7":0,"8":0,"9":0,"10":0,"11":0,"12":0,"13":0,"14":0,"15":0,"16":2,"17":0,"18":0,"19":0,"20":0,"21":0,"22":2},"f":{"0":0,"1":0},"b":{"0":[0,0]},"_coverageSchema":"1a1c01bbd47fc00a2c39e90264f33305004495a9","hash":"6dc8551fbb6c6d624bb0caa40c401e8e66849161"}
,"C:\\Users\\salma\\OneDrive\\Desktop\\Personal Portfolio Website\\src\\controllers\\projectController.js": {"path":"C:\\Users\\salma\\OneDrive\\Desktop\\Personal Portfolio Website\\src\\controllers\\projectController.js","statementMap":{"0":{"start":{"line":1,"column":16},"end":{"line":1,"column":44}},"1":{"start":{"line":4,"column":23},"end":{"line":12,"column":1}},"2":{"start":{"line":5,"column":2},"end":{"line":11,"column":3}},"3":{"start":{"line":6,"column":21},"end":{"line":6,"column":65}},"4":{"start":{"line":7,"column":4},"end":{"line":7,"column":23}},"5":{"start":{"line":9,"column":4},"end":{"line":9,"column":23}},"6":{"start":{"line":10,"column":4},"end":{"line":10,"column":54}},"7":{"start":{"line":15,"column":26},"end":{"line":17,"column":1}},"8":{"start":{"line":16,"column":2},"end":{"line":16,"column":54}},"9":{"start":{"line":20,"column":22},"end":{"line":29,"column":1}},"10":{"start":{"line":21,"column":2},"end":{"line":28,"column":3}},"11":{"start":{"line":22,"column":20},"end":{"line":22,"column":41}},"12":{"start":{"line":23,"column":4},"end":{"line":23,"column":25}},"13":{"start":{"line":24,"column":4},"end":{"line":24,"column":34}},"14":{"start":{"line":26,"column":4},"end":{"line":26,"column":23}},"15":{"start":{"line":27,"column":4},"end":{"line":27,"column":51}},"16":{"start":{"line":32,"column":22},"end":{"line":41,"column":1}},"17":{"start":{"line":33,"column":2},"end":{"line":40,"column":3}},"18":{"start":{"line":34,"column":20},"end":{"line":34,"column":91}},"19":{"start":{"line":35,"column":4},"end":{"line":35,"column":80}},"20":{"start":{"line":35,"column":18},"end":{"line":35,"column":80}},"21":{"start":{"line":36,"column":4},"end":{"line":36,"column":22}},"22":{"start":{"line":38,"column":4},"end":{"line":38,"column":23}},"23":{"start":{"line":39,"column":4},"end":{"line":39,"column":51}},"24":{"start":{"line":44,"column":22},"end":{"line":53,"column":1}},"25":{"start":{"line":45,"column":2},"end":{"line":52,"column":3}},"26":{"start":{"line":46,"column":19},"end":{"line":46,"column":65}},"27":{"start":{"line":47,"column":4},"end":{"line":47,"column":79}},"28":{"start":{"line":47,"column":17},"end":{"line":47,"column":79}},"29":{"start":{"line":48,"column":4},"end":{"line":48,"column":37}},"30":{"start":{"line":50,"column":4},"end":{"line":50,"column":23}},"31":{"start":{"line":51,"column":4},"end":{"line":51,"column":51}},"32":{"start":{"line":55,"column":0},"end":{"line":61,"column":2}}},"fnMap":{"0":{"name":"(anonymous_0)","decl":{"start":{"line":4,"column":23},"end":{"line":4,"column":24}},"loc":{"start":{"line":4,"column":43},"end":{"line":12,"column":1}},"line":4},"1":{"name":"(anonymous_1)","decl":{"start":{"line":15,"column":26},"end":{"line":15,"column":27}},"loc":{"start":{"line":15,"column":38},"end":{"line":17,"column":1}},"line":15},"2":{"name":"(anonymous_2)","decl":{"start":{"line":20,"column":22},"end":{"line":20,"column":23}},"loc":{"start":{"line":20,"column":42},"end":{"line":29,"column":1}},"line":20},"3":{"name":"(anonymous_3)","decl":{"start":{"line":32,"column":22},"end":{"line":32,"column":23}},"loc":{"start":{"line":32,"column":42},"end":{"line":41,"column":1}},"line":32},"4":{"name":"(anonymous_4)","decl":{"start":{"line":44,"column":22},"end":{"line":44,"column":23}},"loc":{"start":{"line":44,"column":42},"end":{"line":53,"column":1}},"line":44}},"branchMap":{"0":{"loc":{"start":{"line":35,"column":4},"end":{"line":35,"column":80}},"type":"if","locations":[{"start":{"line":35,"column":4},"end":{"line":35,"column":80}},{"start":{},"end":{}}],"line":35},"1":{"loc":{"start":{"line":47,"column":4},"end":{"line":47,"column":79}},"type":"if","locations":[{"start":{"line":47,"column":4},"end":{"line":47,"column":79}},{"start":{},"end":{}}],"line":47}},"s":{"0":2,"1":2,"2":0,"3":0,"4":0,"5":0,"6":0,"7":2,"8":0,"9":2,"10":0,"11":0,"12":0,"13":0,"14":0,"15":0,"16":2,"17":0,"18":0,"19":0,"20":0,"21":0,"22":0,"23":0,"24":2,"25":0,"26":0,"27":0,"28":0,"29":0,"30":0,"31":0,"32":2},"f":{"0":0,"1":0,"2":0,"3":0,"4":0},"b":{"0":[0,0],"1":[0,0]},"_coverageSchema":"1a1c01bbd47fc00a2c39e90264f33305004495a9","hash":"c5c574318dca0dae578e624c4fbeaa631c3cb92f"}
,"C:\\Users\\salma\\OneDrive\\Desktop\\Personal Portfolio Website\\src\\controllers\\skillController.js": {"path":"C:\\Users\\salma\\OneDrive\\Desktop\\Personal Portfolio Website\\src\\controllers\\skillController.js","statementMap":{"0":{"start":{"line":1,"column":14},"end":{"line":1,"column":40}},"1":{"start":{"line":4,"column":21},"end":{"line":12,"column":1}},"2":{"start":{"line":5,"column":2},"end":{"line":11,"column":3}},"3":{"start":{"line":6,"column":19},"end":{"line":6,"column":55}},"4":{"start":{"line":7,"column":4},"end":{"line":7,"column":21}},"5":{"start":{"line":9,"column":4},"end":{"line":9,"column":23}},"6":{"start":{"line":10,"column":4},"end":{"line":10,"column":54}},"7":{"start":{"line":15,"column":24},"end":{"line":17,"column":1}},"8":{"start":{"line":16,"column":2},"end":{"line":16,"column":46}},"9":{"start":{"line":20,"column":20},"end":{"line":29,"column":1}},"10":{"start":{"line":21,"column":2},"end":{"line":28,"column":3}},"11":{"start":{"line":22,"column":18},"end":{"line":22,"column":37}},"12":{"start":{"line":23,"column":4},"end":{"line":23,"column":23}},"13":{"start":{"line":24,"column":4},"end":{"line":24,"column":32}},"14":{"start":{"line":26,"column":4},"end":{"line":26,"column":23}},"15":{"start":{"line":27,"column":4},"end":{"line":27,"column":51}},"16":{"start":{"line":32,"column":20},"end":{"line":41,"column":1}},"17":{"start":{"line":33,"column":2},"end":{"line":40,"column":3}},"18":{"start":{"line":34,"column":18},"end":{"line":34,"column":87}},"19":{"start":{"line":35,"column":4},"end":{"line":35,"column":76}},"20":{"start":{"line":35,"column":16},"end":{"line":35,"column":76}},"21":{"start":{"line":36,"column":4},"end":{"line":36,"column":20}},"22":{"start":{"line":38,"column":4},"end":{"line":38,"column":23}},"23":{"start":{"line":39,"column":4},"end":{"line":39,"column":51}},"24":{"start":{"line":44,"column":20},"end":{"line":53,"column":1}},"25":{"start":{"line":45,"column":2},"end":{"line":52,"column":3}},"26":{"start":{"line":46,"column":19},"end":{"line":46,"column":63}},"27":{"start":{"line":47,"column":4},"end":{"line":47,"column":77}},"28":{"start":{"line":47,"column":17},"end":{"line":47,"column":77}},"29":{"start":{"line":48,"column":4},"end":{"line":48,"column":37}},"30":{"start":{"line":50,"column":4},"end":{"line":50,"column":23}},"31":{"start":{"line":51,"column":4},"end":{"line":51,"column":51}},"32":{"start":{"line":55,"column":0},"end":{"line":61,"column":2}}},"fnMap":{"0":{"name":"(anonymous_0)","decl":{"start":{"line":4,"column":21},"end":{"line":4,"column":22}},"loc":{"start":{"line":4,"column":41},"end":{"line":12,"column":1}},"line":4},"1":{"name":"(anonymous_1)","decl":{"start":{"line":15,"column":24},"end":{"line":15,"column":25}},"loc":{"start":{"line":15,"column":36},"end":{"line":17,"column":1}},"line":15},"2":{"name":"(anonymous_2)","decl":{"start":{"line":20,"column":20},"end":{"line":20,"column":21}},"loc":{"start":{"line":20,"column":40},"end":{"line":29,"column":1}},"line":20},"3":{"name":"(anonymous_3)","decl":{"start":{"line":32,"column":20},"end":{"line":32,"column":21}},"loc":{"start":{"line":32,"column":40},"end":{"line":41,"column":1}},"line":32},"4":{"name":"(anonymous_4)","decl":{"start":{"line":44,"column":20},"end":{"line":44,"column":21}},"loc":{"start":{"line":44,"column":40},"end":{"line":53,"column":1}},"line":44}},"branchMap":{"0":{"loc":{"start":{"line":35,"column":4},"end":{"line":35,"column":76}},"type":"if","locations":[{"start":{"line":35,"column":4},"end":{"line":35,"column":76}},{"start":{},"end":{}}],"line":35},"1":{"loc":{"start":{"line":47,"column":4},"end":{"line":47,"column":77}},"type":"if","locations":[{"start":{"line":47,"column":4},"end":{"line":47,"column":77}},{"start":{},"end":{}}],"line":47}},"s":{"0":2,"1":2,"2":0,"3":0,"4":0,"5":0,"6":0,"7":2,"8":0,"9":2,"10":0,"11":0,"12":0,"13":0,"14":0,"15":0,"16":2,"17":0,"18":0,"19":0,"20":0,"21":0,"22":0,"23":0,"24":2,"25":0,"26":0,"27":0,"28":0,"29":0,"30":0,"31":0,"32":2},"f":{"0":0,"1":0,"2":0,"3":0,"4":0},"b":{"0":[0,0],"1":[0,0]},"_coverageSchema":"1a1c01bbd47fc00a2c39e90264f33305004495a9","hash":"bcc73011bb5ac06b8a15aa24f2a097dc9bfbe978"}
,"C:\\Users\\salma\\OneDrive\\Desktop\\Personal Portfolio Website\\src\\models\\Contact.js": {"path":"C:\\Users\\salma\\OneDrive\\Desktop\\Personal Portfolio Website\\src\\models\\Contact.js","statementMap":{"0":{"start":{"line":1,"column":23},"end":{"line":1,"column":50}},"1":{"start":{"line":2,"column":0},"end":{"line":2,"column":32}}},"fnMap":{},"branchMap":{},"s":{"0":2,"1":2},"f":{},"b":{},"_coverageSchema":"1a1c01bbd47fc00a2c39e90264f33305004495a9","hash":"03eb08e4cc44d99c438d655c8c2b9a7d9cce9a6d"}
,"C:\\Users\\salma\\OneDrive\\Desktop\\Personal Portfolio Website\\src\\models\\ContactMessage.js": {"path":"C:\\Users\\salma\\OneDrive\\Desktop\\Personal Portfolio Website\\src\\models\\ContactMessage.js","statementMap":{"0":{"start":{"line":1,"column":17},"end":{"line":1,"column":36}},"1":{"start":{"line":3,"column":29},"end":{"line":9,"column":2}},"2":{"start":{"line":11,"column":0},"end":{"line":11,"column":72}}},"fnMap":{},"branchMap":{},"s":{"0":2,"1":2,"2":2},"f":{},"b":{},"_coverageSchema":"1a1c01bbd47fc00a2c39e90264f33305004495a9","hash":"2d6384d03d67413b36889a656c19fa6a0dc1dce7"}
,"C:\\Users\\salma\\OneDrive\\Desktop\\Personal Portfolio Website\\src\\models\\Project.js": {"path":"C:\\Users\\salma\\OneDrive\\Desktop\\Personal Portfolio Website\\src\\models\\Project.js","statementMap":{"0":{"start":{"line":1,"column":17},"end":{"line":1,"column":36}},"1":{"start":{"line":3,"column":22},"end":{"line":11,"column":2}},"2":{"start":{"line":13,"column":0},"end":{"line":13,"column":58}}},"fnMap":{},"branchMap":{},"s":{"0":2,"1":2,"2":2},"f":{},"b":{},"_coverageSchema":"1a1c01bbd47fc00a2c39e90264f33305004495a9","hash":"713c3fd94f87f8541df81ab04ffebeffd186e755"}
,"C:\\Users\\salma\\OneDrive\\Desktop\\Personal Portfolio Website\\src\\models\\Skill.js": {"path":"C:\\Users\\salma\\OneDrive\\Desktop\\Personal Portfolio Website\\src\\models\\Skill.js","statementMap":{"0":{"start":{"line":1,"column":17},"end":{"line":1,"column":36}},"1":{"start":{"line":3,"column":20},"end":{"line":6,"column":2}},"2":{"start":{"line":8,"column":0},"end":{"line":8,"column":54}}},"fnMap":{},"branchMap":{},"s":{"0":2,"1":2,"2":2},"f":{},"b":{},"_coverageSchema":"1a1c01bbd47fc00a2c39e90264f33305004495a9","hash":"791b4d503e527eb5eb5c7ad8c7fc260911b0984c"}
,"C:\\Users\\salma\\OneDrive\\Desktop\\Personal Portfolio Website\\src\\models\\User.js": {"path":"C:\\Users\\salma\\OneDrive\\Desktop\\Personal Portfolio Website\\src\\models\\User.js","statementMap":{"0":{"start":{"line":1,"column":17},"end":{"line":1,"column":36}},"1":{"start":{"line":2,"column":15},"end":{"line":2,"column":32}},"2":{"start":{"line":4,"column":19},"end":{"line":8,"column":2}},"3":{"start":{"line":11,"column":0},"end":{"line":14,"column":2}},"4":{"start":{"line":12,"column":15},"end":{"line":12,"column":39}},"5":{"start":{"line":13,"column":2},"end":{"line":13,"column":53}},"6":{"start":{"line":17,"column":0},"end":{"line":19,"column":2}},"7":{"start":{"line":18,"column":2},"end":{"line":18,"column":50}},"8":{"start":{"line":21,"column":0},"end":{"line":21,"column":52}}},"fnMap":{"0":{"name":"(anonymous_0)","decl":{"start":{"line":11,"column":33},"end":{"line":11,"column":34}},"loc":{"start":{"line":11,"column":56},"end":{"line":14,"column":1}},"line":11},"1":{"name":"(anonymous_1)","decl":{"start":{"line":17,"column":38},"end":{"line":17,"column":39}},"loc":{"start":{"line":17,"column":61},"end":{"line":19,"column":1}},"line":17}},"branchMap":{},"s":{"0":1,"1":1,"2":1,"3":1,"4":0,"5":0,"6":1,"7":0,"8":1},"f":{"0":0,"1":0},"b":{},"_coverageSchema":"1a1c01bbd47fc00a2c39e90264f33305004495a9","hash":"4d56885456e93c5cad15ce43b5952af85d03893d"}
,"C:\\Users\\salma\\OneDrive\\Desktop\\Personal Portfolio Website\\src\\routes\\api.js": {"path":"C:\\Users\\salma\\OneDrive\\Desktop\\Personal Portfolio Website\\src\\routes\\api.js","statementMap":{"0":{"start":{"line":2,"column":16},"end":{"line":2,"column":34}},"1":{"start":{"line":3,"column":15},"end":{"line":3,"column":31}},"2":{"start":{"line":5,"column":26},"end":{"line":5,"column":69}},"3":{"start":{"line":6,"column":24},"end":{"line":6,"column":65}},"4":{"start":{"line":7,"column":26},"end":{"line":7,"column":69}},"5":{"start":{"line":10,"column":0},"end":{"line":10,"column":58}},"6":{"start":{"line":11,"column":0},"end":{"line":11,"column":52}},"7":{"start":{"line":12,"column":0},"end":{"line":17,"column":3}},"8":{"start":{"line":14,"column":19},"end":{"line":14,"column":62}},"9":{"start":{"line":15,"column":17},"end":{"line":15,"column":56}},"10":{"start":{"line":16,"column":2},"end":{"line":16,"column":33}},"11":{"start":{"line":20,"column":0},"end":{"line":20,"column":57}},"12":{"start":{"line":22,"column":0},"end":{"line":22,"column":24}}},"fnMap":{"0":{"name":"(anonymous_0)","decl":{"start":{"line":12,"column":25},"end":{"line":12,"column":26}},"loc":{"start":{"line":12,"column":45},"end":{"line":17,"column":1}},"line":12}},"branchMap":{},"s":{"0":2,"1":2,"2":2,"3":2,"4":2,"5":2,"6":2,"7":2,"8":0,"9":0,"10":0,"11":2,"12":2},"f":{"0":0},"b":{},"_coverageSchema":"1a1c01bbd47fc00a2c39e90264f33305004495a9","hash":"20fbf3abb6d309a46ebf50ae1980ca31e5403034"}
,"C:\\Users\\salma\\OneDrive\\Desktop\\Personal Portfolio Website\\src\\services\\emailService.js": {"path":"C:\\Users\\salma\\OneDrive\\Desktop\\Personal Portfolio Website\\src\\services\\emailService.js","statementMap":{"0":{"start":{"line":1,"column":19},"end":{"line":1,"column":40}},"1":{"start":{"line":2,"column":15},"end":{"line":2,"column":42}},"2":{"start":{"line":4,"column":20},"end":{"line":12,"column":2}},"3":{"start":{"line":18,"column":25},"end":{"line":26,"column":1}},"4":{"start":{"line":19,"column":22},"end":{"line":24,"column":3}},"5":{"start":{"line":25,"column":2},"end":{"line":25,"column":42}},"6":{"start":{"line":28,"column":0},"end":{"line":28,"column":38}}},"fnMap":{"0":{"name":"(anonymous_0)","decl":{"start":{"line":18,"column":25},"end":{"line":18,"column":26}},"loc":{"start":{"line":18,"column":41},"end":{"line":26,"column":1}},"line":18}},"branchMap":{"0":{"loc":{"start":{"line":22,"column":13},"end":{"line":22,"column":58}},"type":"binary-expr","locations":[{"start":{"line":22,"column":13},"end":{"line":22,"column":25}},{"start":{"line":22,"column":29},"end":{"line":22,"column":58}}],"line":22}},"s":{"0":2,"1":2,"2":2,"3":2,"4":0,"5":0,"6":2},"f":{"0":0},"b":{"0":[0,0]},"_coverageSchema":"1a1c01bbd47fc00a2c39e90264f33305004495a9","hash":"7a264bc20cab83e17559ea9d317ff54142120482"}
}
